<?xml version="1.0" encoding="UTF-8"?>
<testng-results skipped="0" failed="1" ignored="0" total="1" passed="0">
  <reporter-output>
  </reporter-output>
  <suite name="FlightsSuite" duration-ms="20853" started-at="2020-08-22T00:55:36 IST" finished-at="2020-08-22T00:55:57 IST">
    <groups>
    </groups>
    <test name="Test" duration-ms="20853" started-at="2020-08-22T00:55:36 IST" finished-at="2020-08-22T00:55:57 IST">
      <class name="testcases.FlightsBooking">
        <test-method status="PASS" signature="openBrowser(java.lang.String)[pri:0, instance:testcases.FlightsBooking@3b084709]" name="openBrowser" is-config="true" duration-ms="12292" started-at="2020-08-22T00:55:24 IST" finished-at="2020-08-22T00:55:36 IST">
          <params>
            <param index="0">
              <value>
                <![CDATA[chrome]]>
              </value>
            </param>
          </params>
          <reporter-output>
          </reporter-output>
        </test-method> <!-- openBrowser -->
        <test-method status="FAIL" signature="oneWayFlightsBooking(java.lang.String, java.lang.String, java.lang.String)[pri:0, instance:testcases.FlightsBooking@3b084709]" name="oneWayFlightsBooking" duration-ms="20757" started-at="2020-08-22T00:55:36 IST" finished-at="2020-08-22T00:55:57 IST">
          <params>
            <param index="0">
              <value>
                <![CDATA[Bangalore, India]]>
              </value>
            </param>
            <param index="1">
              <value>
                <![CDATA[Mumbai, India]]>
              </value>
            </param>
            <param index="2">
              <value>
                <![CDATA[25-08-2020]]>
              </value>
            </param>
          </params>
          <exception class="java.lang.AssertionError">
            <message>
              <![CDATA[expected [25-08-2020] but found [25-09-2020]]]>
            </message>
            <full-stacktrace>
              <![CDATA[java.lang.AssertionError: expected [25-08-2020] but found [25-09-2020]
at org.testng.Assert.fail(Assert.java:97)
at org.testng.Assert.assertEqualsImpl(Assert.java:136)
at org.testng.Assert.assertEquals(Assert.java:118)
at org.testng.Assert.assertEquals(Assert.java:575)
at org.testng.Assert.assertEquals(Assert.java:585)
at testcases.FlightsBooking.oneWayFlightsBooking(FlightsBooking.java:58)
at sun.reflect.NativeMethodAccessorImpl.invoke0(Native Method)
at sun.reflect.NativeMethodAccessorImpl.invoke(NativeMethodAccessorImpl.java:62)
at sun.reflect.DelegatingMethodAccessorImpl.invoke(DelegatingMethodAccessorImpl.java:43)
at java.lang.reflect.Method.invoke(Method.java:498)
at org.testng.internal.MethodInvocationHelper.invokeMethod(MethodInvocationHelper.java:134)
at org.testng.internal.TestInvoker.invokeMethod(TestInvoker.java:597)
at org.testng.internal.TestInvoker.invokeTestMethod(TestInvoker.java:173)
at org.testng.internal.MethodRunner.runInSequence(MethodRunner.java:46)
at org.testng.internal.TestInvoker$MethodInvocationAgent.invoke(TestInvoker.java:816)
at org.testng.internal.TestInvoker.invokeTestMethods(TestInvoker.java:146)
at org.testng.internal.TestMethodWorker.invokeTestMethods(TestMethodWorker.java:146)
at org.testng.internal.TestMethodWorker.run(TestMethodWorker.java:128)
at java.util.ArrayList.forEach(ArrayList.java:1257)
at org.testng.TestRunner.privateRun(TestRunner.java:766)
at org.testng.TestRunner.run(TestRunner.java:587)
at org.testng.SuiteRunner.runTest(SuiteRunner.java:384)
at org.testng.SuiteRunner.runSequentially(SuiteRunner.java:378)
at org.testng.SuiteRunner.privateRun(SuiteRunner.java:337)
at org.testng.SuiteRunner.run(SuiteRunner.java:286)
at org.testng.SuiteRunnerWorker.runSuite(SuiteRunnerWorker.java:53)
at org.testng.SuiteRunnerWorker.run(SuiteRunnerWorker.java:96)
at org.testng.TestNG.runSuitesSequentially(TestNG.java:1187)
at org.testng.TestNG.runSuitesLocally(TestNG.java:1109)
at org.testng.TestNG.runSuites(TestNG.java:1039)
at org.testng.TestNG.run(TestNG.java:1007)
at org.testng.remote.AbstractRemoteTestNG.run(AbstractRemoteTestNG.java:115)
at org.testng.remote.RemoteTestNG.initAndRun(RemoteTestNG.java:251)
at org.testng.remote.RemoteTestNG.main(RemoteTestNG.java:77)
]]>
            </full-stacktrace>
          </exception> <!-- java.lang.AssertionError -->
          <reporter-output>
          </reporter-output>
        </test-method> <!-- oneWayFlightsBooking -->
        <test-method status="PASS" signature="closeBrowser()[pri:0, instance:testcases.FlightsBooking@3b084709]" name="closeBrowser" is-config="true" duration-ms="1" started-at="2020-08-22T00:55:58 IST" finished-at="2020-08-22T00:55:58 IST">
          <reporter-output>
          </reporter-output>
        </test-method> <!-- closeBrowser -->
      </class> <!-- testcases.FlightsBooking -->
    </test> <!-- Test -->
  </suite> <!-- FlightsSuite -->
</testng-results>
